ADC r1, r2, #77;  --  3.0, 4.0;  --  r3: 3.0;; r4: 3.0;; notes: 
ADC r1, r2, r3, LSL #3;  --  3.0, 4.0;  --  r3: 5.0;; r4: 3.0;; notes: 
ADC r1, r2, r3;  --  3.0, 4.0;  --  r3: 4.0;; r4: 3.0;; notes: 
ADC r1, r2, r3, LSL r4;  --  -100.0, -100.0;  --  r3: -100.0;; r4: -100.0;; notes: ; issue timing error: error: failed code construction, timing: -1.0; latency timing error: error: failed code construction, timing: -1.0; r3 timing error: error: failed code construction, timing: -1.0; r3 timing error: error: failed code construction, timing: -1.0
ADD r1, r2, #77;  --  3.0, 4.0;  --  r3: 3.0;; r4: 3.0;; notes: 
ADD r1, r2, r3, LSL #3;  --  3.0, 4.0;  --  r3: 5.0;; r4: 3.0;; notes: 
ADD r1, r2, r3;  --  3.0, 4.0;  --  r3: 4.0;; r4: 3.0;; notes: 
ADD r1, r2, r3, LSL r4;  --  -100.0, -100.0;  --  r3: -100.0;; r4: -100.0;; notes: ; issue timing error: error: failed code construction, timing: -1.0; latency timing error: error: failed code construction, timing: -1.0; r3 timing error: error: failed code construction, timing: -1.0; r3 timing error: error: failed code construction, timing: -1.0
ADD r1, SP, #77;  --  3.0, 3.0;  --  r3: 3.0;; r4: 3.0;; notes: 
ADD r1, SP, r2, LSL #3;  --  3.0, 5.0;  --  r3: 3.0;; r4: 3.0;; notes: 
ADD r1, SP, r2;  --  3.0, 4.0;  --  r3: 3.0;; r4: 3.0;; notes: 
AND r1, r2, #77;  --  3.0, 4.0;  --  r3: 3.0;; r4: 3.0;; notes: 
AND r1, r2, r3, LSL #3;  --  3.0, 4.0;  --  r3: 5.0;; r4: 3.0;; notes: 
AND r1, r2, r3;  --  3.0, 4.0;  --  r3: 4.0;; r4: 3.0;; notes: 
AND r1, r2, r3, LSL r4;  --  -100.0, -100.0;  --  r3: -100.0;; r4: -100.0;; notes: ; issue timing error: error: failed code construction, timing: -1.0; latency timing error: error: failed code construction, timing: -1.0; r3 timing error: error: failed code construction, timing: -1.0; r3 timing error: error: failed code construction, timing: -1.0
ASR r1, r2, #15;  --  3.0, 5.0;  --  r3: 3.0;; r4: 3.0;; notes: 
ASR r1, r2, r3;  --  3.0, 5.0;  --  r3: 5.0;; r4: 3.0;; notes: 
BIC r1, r2, #77;  --  3.0, 4.0;  --  r3: 3.0;; r4: 3.0;; notes: 
BIC r1, r2, r3, LSL #3;  --  3.0, 4.0;  --  r3: 5.0;; r4: 3.0;; notes: 
BIC r1, r2, r3;  --  3.0, 4.0;  --  r3: 4.0;; r4: 3.0;; notes: 
BIC r1, r2, r3, LSL r4;  --  -100.0, -100.0;  --  r3: -100.0;; r4: -100.0;; notes: ; issue timing error: error: failed code construction, timing: -1.0; latency timing error: error: failed code construction, timing: -1.0; r3 timing error: error: failed code construction, timing: -1.0; r3 timing error: error: failed code construction, timing: -1.0
BKPT #15;  --  -100.0, -100.0;  --  r3: -100.0;; r4: -100.0;; notes: ; issue timing error: error: failed to run, timing: -1.0; latency timing error: error: failed to run, timing: -1.0; r3 timing error: error: failed to run, timing: -1.0; r3 timing error: error: failed to run, timing: -1.0
BLX r1;  --  -100.0, -100.0;  --  r3: -100.0;; r4: -100.0;; notes: ; issue timing error: error: failed to run, timing: -1.0; latency timing error: error: failed to run, timing: -1.0; r3 timing error: error: failed to run, timing: -1.0; r3 timing error: error: failed to run, timing: -1.0
BX r1;  --  -100.0, -100.0;  --  r3: -100.0;; r4: -100.0;; notes: ; issue timing error: error: failed to run, timing: -1.0; latency timing error: error: failed to run, timing: -1.0; r3 timing error: error: failed to run, timing: -1.0; r3 timing error: error: failed to run, timing: -1.0
CLZ r1, r2;  --  3.0, 4.0;  --  r3: 3.0;; r4: 3.0;; notes: 
CMN r1, #77;  --  4.0, 3.0;  --  r3: 3.0;; r4: 3.0;; notes: 
CMN r1, r2, LSL #3;  --  4.0, 5.0;  --  r3: 3.0;; r4: 3.0;; notes: 
CMN r1, r2;  --  4.0, 4.0;  --  r3: 3.0;; r4: 3.0;; notes: 
CMN r1, r2, LSL r3;  --  -100.0, -100.0;  --  r3: -100.0;; r4: -100.0;; notes: ; issue timing error: error: failed code construction, timing: -1.0; latency timing error: error: failed code construction, timing: -1.0; r3 timing error: error: failed code construction, timing: -1.0; r3 timing error: error: failed code construction, timing: -1.0
CMP r1, #77;  --  4.0, 3.0;  --  r3: 3.0;; r4: 3.0;; notes: 
CMP r1, r2, LSL #3;  --  4.0, 5.0;  --  r3: 3.0;; r4: 3.0;; notes: 
CMP r1, r2;  --  4.0, 4.0;  --  r3: 3.0;; r4: 3.0;; notes: 
CMP r1, r2, LSL r3;  --  -100.0, -100.0;  --  r3: -100.0;; r4: -100.0;; notes: ; issue timing error: error: failed code construction, timing: -1.0; latency timing error: error: failed code construction, timing: -1.0; r3 timing error: error: failed code construction, timing: -1.0; r3 timing error: error: failed code construction, timing: -1.0
EOR r1, r2, #77;  --  3.0, 4.0;  --  r3: 3.0;; r4: 3.0;; notes: 
EOR r1, r2, r3, LSL #3;  --  3.0, 4.0;  --  r3: 5.0;; r4: 3.0;; notes: 
EOR r1, r2, r3;  --  3.0, 4.0;  --  r3: 4.0;; r4: 3.0;; notes: 
EOR r1, r2, r3, LSL r4;  --  -100.0, -100.0;  --  r3: -100.0;; r4: -100.0;; notes: ; issue timing error: error: failed code construction, timing: -1.0; latency timing error: error: failed code construction, timing: -1.0; r3 timing error: error: failed code construction, timing: -1.0; r3 timing error: error: failed code construction, timing: -1.0
LSL r1, r2, #15;  --  3.0, 5.0;  --  r3: 3.0;; r4: 3.0;; notes: 
LSL r1, r2, r3;  --  3.0, 5.0;  --  r3: 5.0;; r4: 3.0;; notes: 
LSR r1, r2, #15;  --  3.0, 5.0;  --  r3: 3.0;; r4: 3.0;; notes: 
LSR r1, r2, r3;  --  3.0, 5.0;  --  r3: 5.0;; r4: 3.0;; notes: 
MLA r1, r2, r3, r4;  --  4.0, 6.0;  --  r3: 6.0;; r4: 5.0;; notes: 
MOV r1, #77;  --  3.0, 3.0;  --  r3: 3.0;; r4: 3.0;; notes: 
MOV r1, r2;  --  3.0, 4.0;  --  r3: 3.0;; r4: 3.0;; notes: 
MUL r1, r2, r3;  --  4.0, 6.0;  --  r3: 6.0;; r4: 4.0;; notes: 
MVN r1, #77;  --  3.0, 3.0;  --  r3: 3.0;; r4: 3.0;; notes: 
MVN r1, r2, LSL #3;  --  3.0, 5.0;  --  r3: 3.0;; r4: 3.0;; notes: 
MVN r1, r2;  --  3.0, 4.0;  --  r3: 3.0;; r4: 3.0;; notes: 
MVN r1, r2, LSL r3;  --  -100.0, -100.0;  --  r3: -100.0;; r4: -100.0;; notes: ; issue timing error: error: failed code construction, timing: -1.0; latency timing error: error: failed code construction, timing: -1.0; r3 timing error: error: failed code construction, timing: -1.0; r3 timing error: error: failed code construction, timing: -1.0
NOP;  --  3.0, 3.0;  --  r3: 3.0;; r4: 3.0;; notes: 
ORR r1, r2, #77;  --  3.0, 4.0;  --  r3: 3.0;; r4: 3.0;; notes: 
ORR r1, r2, r3, LSL #3;  --  3.0, 4.0;  --  r3: 5.0;; r4: 3.0;; notes: 
ORR r1, r2, r3;  --  3.0, 4.0;  --  r3: 4.0;; r4: 3.0;; notes: 
ORR r1, r2, r3, LSL r4;  --  -100.0, -100.0;  --  r3: -100.0;; r4: -100.0;; notes: ; issue timing error: error: failed code construction, timing: -1.0; latency timing error: error: failed code construction, timing: -1.0; r3 timing error: error: failed code construction, timing: -1.0; r3 timing error: error: failed code construction, timing: -1.0
QADD r1, r3, r2;  --  3.0, 4.0;  --  r3: 4.0;; r4: 3.0;; notes: 
QADD16 r1, r2, r3;  --  3.0, 4.0;  --  r3: 4.0;; r4: 3.0;; notes: 
QADD8 r1, r2, r3;  --  3.0, 4.0;  --  r3: 4.0;; r4: 3.0;; notes: 
QASX r1, r2, r3;  --  3.0, 4.0;  --  r3: 4.0;; r4: 3.0;; notes: 
QDADD r1, r3, r2;  --  3.0, 5.0;  --  r3: 4.0;; r4: 3.0;; notes: 
QDSUB r1, r3, r2;  --  3.0, 5.0;  --  r3: 4.0;; r4: 3.0;; notes: 
QSAX r1, r2, r3;  --  3.0, 4.0;  --  r3: 4.0;; r4: 3.0;; notes: 
QSUB r1, r3, r2;  --  3.0, 4.0;  --  r3: 4.0;; r4: 3.0;; notes: 
QSUB16 r1, r2, r3;  --  3.0, 4.0;  --  r3: 4.0;; r4: 3.0;; notes: 
QSUB8 r1, r2, r3;  --  3.0, 4.0;  --  r3: 4.0;; r4: 3.0;; notes: 
RBIT r1, r2;  --  3.0, 5.0;  --  r3: 3.0;; r4: 3.0;; notes: 
REV r1, r2;  --  3.0, 5.0;  --  r3: 3.0;; r4: 3.0;; notes: 
REV16 r1, r2;  --  3.0, 5.0;  --  r3: 3.0;; r4: 3.0;; notes: 
REVSH r1, r2;  --  3.0, 5.0;  --  r3: 3.0;; r4: 3.0;; notes: 
ROR r1, r2, #15;  --  3.0, 5.0;  --  r3: 3.0;; r4: 3.0;; notes: 
ROR r1, r2, r3;  --  3.0, 5.0;  --  r3: 5.0;; r4: 3.0;; notes: 
RRX r1, r2;  --  3.0, 5.0;  --  r3: 3.0;; r4: 3.0;; notes: 
RSB r1, r2, #77;  --  3.0, 4.0;  --  r3: 3.0;; r4: 3.0;; notes: 
RSB r1, r2, r3, LSL #3;  --  3.0, 4.0;  --  r3: 5.0;; r4: 3.0;; notes: 
RSB r1, r2, r3;  --  3.0, 4.0;  --  r3: 4.0;; r4: 3.0;; notes: 
RSB r1, r2, r3, LSL r4;  --  -100.0, -100.0;  --  r3: -100.0;; r4: -100.0;; notes: ; issue timing error: error: failed code construction, timing: -1.0; latency timing error: error: failed code construction, timing: -1.0; r3 timing error: error: failed code construction, timing: -1.0; r3 timing error: error: failed code construction, timing: -1.0
RSC r1, r2, #77;  --  -100.0, -100.0;  --  r3: -100.0;; r4: -100.0;; notes: ; issue timing error: error: failed code construction, timing: -1.0; latency timing error: error: failed code construction, timing: -1.0; r3 timing error: error: failed code construction, timing: -1.0; r3 timing error: error: failed code construction, timing: -1.0
RSC r1, r2, r3, LSL #3;  --  -100.0, -100.0;  --  r3: -100.0;; r4: -100.0;; notes: ; issue timing error: error: failed code construction, timing: -1.0; latency timing error: error: failed code construction, timing: -1.0; r3 timing error: error: failed code construction, timing: -1.0; r3 timing error: error: failed code construction, timing: -1.0
RSC r1, r2, r3;  --  -100.0, -100.0;  --  r3: -100.0;; r4: -100.0;; notes: ; issue timing error: error: failed code construction, timing: -1.0; latency timing error: error: failed code construction, timing: -1.0; r3 timing error: error: failed code construction, timing: -1.0; r3 timing error: error: failed code construction, timing: -1.0
RSC r1, r2, r3, LSL r4;  --  -100.0, -100.0;  --  r3: -100.0;; r4: -100.0;; notes: ; issue timing error: error: failed code construction, timing: -1.0; latency timing error: error: failed code construction, timing: -1.0; r3 timing error: error: failed code construction, timing: -1.0; r3 timing error: error: failed code construction, timing: -1.0
SADD16 r1, r2, r3;  --  3.0, 4.0;  --  r3: 4.0;; r4: 3.0;; notes: 
SADD8 r1, r2, r3;  --  3.0, 4.0;  --  r3: 4.0;; r4: 3.0;; notes: 
SASX r1, r2, r3;  --  3.0, 4.0;  --  r3: 4.0;; r4: 3.0;; notes: 
SBC r1, r2, #77;  --  3.0, 4.0;  --  r3: 3.0;; r4: 3.0;; notes: 
SBC r1, r2, r3, LSL #3;  --  3.0, 4.0;  --  r3: 5.0;; r4: 3.0;; notes: 
SBC r1, r2, r3;  --  3.0, 4.0;  --  r3: 4.0;; r4: 3.0;; notes: 
SBC r1, r2, r3, LSL r4;  --  -100.0, -100.0;  --  r3: -100.0;; r4: -100.0;; notes: ; issue timing error: error: failed code construction, timing: -1.0; latency timing error: error: failed code construction, timing: -1.0; r3 timing error: error: failed code construction, timing: -1.0; r3 timing error: error: failed code construction, timing: -1.0
SEL r1, r2, r3;  --  3.0, 4.0;  --  r3: 4.0;; r4: 3.0;; notes: 
SHADD16 r1, r2, r3;  --  3.0, 4.0;  --  r3: 4.0;; r4: 3.0;; notes: 
SHADD8 r1, r2, r3;  --  3.0, 4.0;  --  r3: 4.0;; r4: 3.0;; notes: 
SHASX r1, r2, r3;  --  3.0, 4.0;  --  r3: 4.0;; r4: 3.0;; notes: 
SHSAX r1, r2, r3;  --  3.0, 4.0;  --  r3: 4.0;; r4: 3.0;; notes: 
SHSUB16 r1, r2, r3;  --  3.0, 4.0;  --  r3: 4.0;; r4: 3.0;; notes: 
SHSUB8 r1, r2, r3;  --  3.0, 4.0;  --  r3: 4.0;; r4: 3.0;; notes: 
SMLABT r1, r2, r3, r4;  --  4.0, 6.0;  --  r3: 6.0;; r4: 5.0;; notes: 
SMLAD r1, r2, r3, r4;  --  4.0, 6.0;  --  r3: 6.0;; r4: 5.0;; notes: 
SMLADX r1, r2, r3, r4;  --  4.0, 6.0;  --  r3: 6.0;; r4: 5.0;; notes: 
SMLAL r1, r2, r3, r4;  --  5.0, 6.0;  --  r3: 6.0;; r4: 6.0;; notes: 
SMLALD r1, r2, r3, r4;  --  5.0, 6.0;  --  r3: 6.0;; r4: 6.0;; notes: 
SMLALDX r1, r2, r3, r4;  --  5.0, 6.0;  --  r3: 6.0;; r4: 6.0;; notes: 
SMLAWT r1, r2, r3, r4;  --  4.0, 6.0;  --  r3: 6.0;; r4: 6.0;; notes: 
SMLSD r1, r2, r3, r4;  --  4.0, 6.0;  --  r3: 6.0;; r4: 5.0;; notes: 
SMLSDX r1, r2, r3, r4;  --  4.0, 6.0;  --  r3: 6.0;; r4: 5.0;; notes: 
SMLSLD r1, r2, r3, r4;  --  5.0, 6.0;  --  r3: 6.0;; r4: 6.0;; notes: 
SMLSLDX r1, r2, r3, r4;  --  5.0, 6.0;  --  r3: 6.0;; r4: 6.0;; notes: 
SMMLA r1, r2, r3, r4;  --  4.0, 6.0;  --  r3: 6.0;; r4: 6.0;; notes: 
SMMLAR r1, r2, r3, r4;  --  4.0, 6.0;  --  r3: 6.0;; r4: 6.0;; notes: 
SMMLS r1, r2, r3, r4;  --  4.0, 6.0;  --  r3: 6.0;; r4: 6.0;; notes: 
SMMLSR r1, r2, r3, r4;  --  4.0, 6.0;  --  r3: 6.0;; r4: 6.0;; notes: 
SMMUL r1, r2, r3;  --  4.0, 6.0;  --  r3: 6.0;; r4: 4.0;; notes: 
SMMULR r1, r2, r3;  --  4.0, 6.0;  --  r3: 6.0;; r4: 4.0;; notes: 
SMUAD r1, r2, r3;  --  4.0, 6.0;  --  r3: 6.0;; r4: 4.0;; notes: 
SMUADX r1, r2, r3;  --  4.0, 6.0;  --  r3: 6.0;; r4: 4.0;; notes: 
SMULBT r1, r2, r3;  --  4.0, 6.0;  --  r3: 6.0;; r4: 4.0;; notes: 
SMULL r1, r2, r3, r4;  --  4.0, 4.0;  --  r3: 6.0;; r4: 6.0;; notes: 
SMULWT r1, r2, r3;  --  4.0, 6.0;  --  r3: 6.0;; r4: 4.0;; notes: 
SMUSD r1, r2, r3;  --  4.0, 6.0;  --  r3: 6.0;; r4: 4.0;; notes: 
SMUSDX r1, r2, r3;  --  4.0, 6.0;  --  r3: 6.0;; r4: 4.0;; notes: 
SSAT r1, #15, r2, LSL #3;  --  3.0, 5.0;  --  r3: 3.0;; r4: 3.0;; notes: 
SSAT r1, #15, r2;  --  3.0, 4.0;  --  r3: 3.0;; r4: 3.0;; notes: 
SSAT16 r1, #15, r2;  --  3.0, 4.0;  --  r3: 3.0;; r4: 3.0;; notes: 
SSAX r1, r2, r3;  --  3.0, 4.0;  --  r3: 4.0;; r4: 3.0;; notes: 
SSUB16 r1, r2, r3;  --  3.0, 4.0;  --  r3: 4.0;; r4: 3.0;; notes: 
SSUB8 r1, r2, r3;  --  3.0, 4.0;  --  r3: 4.0;; r4: 3.0;; notes: 
SUB r1, r2, #77;  --  3.0, 4.0;  --  r3: 3.0;; r4: 3.0;; notes: 
SUB r1, r2, r3, LSL #3;  --  3.0, 4.0;  --  r3: 5.0;; r4: 3.0;; notes: 
SUB r1, r2, r3;  --  3.0, 4.0;  --  r3: 4.0;; r4: 3.0;; notes: 
SUB r1, r2, r3, LSL r4;  --  -100.0, -100.0;  --  r3: -100.0;; r4: -100.0;; notes: ; issue timing error: error: failed code construction, timing: -1.0; latency timing error: error: failed code construction, timing: -1.0; r3 timing error: error: failed code construction, timing: -1.0; r3 timing error: error: failed code construction, timing: -1.0
SUB r1, SP, #77;  --  3.0, 3.0;  --  r3: 3.0;; r4: 3.0;; notes: 
SUB r1, SP, r2, LSL #3;  --  3.0, 5.0;  --  r3: 3.0;; r4: 3.0;; notes: 
SUB r1, SP, r2;  --  3.0, 4.0;  --  r3: 3.0;; r4: 3.0;; notes: 
SXTAB r1, r2, r3, ROR #8;  --  3.0, 4.0;  --  r3: 5.0;; r4: 3.0;; notes: 
SXTAB r1, r2, r3;  --  3.0, 4.0;  --  r3: 5.0;; r4: 3.0;; notes: 
SXTAB16 r1, r2, r3, ROR #8;  --  3.0, 4.0;  --  r3: 5.0;; r4: 3.0;; notes: 
SXTAB16 r1, r2, r3;  --  3.0, 4.0;  --  r3: 5.0;; r4: 3.0;; notes: 
SXTAH r1, r2, r3, ROR #8;  --  3.0, 4.0;  --  r3: 5.0;; r4: 3.0;; notes: 
SXTAH r1, r2, r3;  --  3.0, 4.0;  --  r3: 5.0;; r4: 3.0;; notes: 
SXTB r1, r2, ROR #8;  --  3.0, 4.0;  --  r3: 3.0;; r4: 3.0;; notes: 
SXTB r1, r2;  --  3.0, 4.0;  --  r3: 3.0;; r4: 3.0;; notes: 
SXTB16 r1, r2, ROR #8;  --  3.0, 4.0;  --  r3: 3.0;; r4: 3.0;; notes: 
SXTB16 r1, r2;  --  3.0, 4.0;  --  r3: 3.0;; r4: 3.0;; notes: 
SXTH r1, r2, ROR #8;  --  3.0, 4.0;  --  r3: 3.0;; r4: 3.0;; notes: 
SXTH r1, r2;  --  3.0, 4.0;  --  r3: 3.0;; r4: 3.0;; notes: 
TEQ r1, r2, LSL #3;  --  4.0, 5.0;  --  r3: 3.0;; r4: 3.0;; notes: 
TEQ r1, r2;  --  4.0, 4.0;  --  r3: 3.0;; r4: 3.0;; notes: 
TEQ r1, r2, LSL r3;  --  -100.0, -100.0;  --  r3: -100.0;; r4: -100.0;; notes: ; issue timing error: error: failed code construction, timing: -1.0; latency timing error: error: failed code construction, timing: -1.0; r3 timing error: error: failed code construction, timing: -1.0; r3 timing error: error: failed code construction, timing: -1.0
TST r1, #77;  --  4.0, 3.0;  --  r3: 3.0;; r4: 3.0;; notes: 
TST r1, r2, LSL #3;  --  4.0, 5.0;  --  r3: 3.0;; r4: 3.0;; notes: 
TST r1, r2;  --  4.0, 4.0;  --  r3: 3.0;; r4: 3.0;; notes: 
TST r1, r2, LSL r3;  --  -100.0, -100.0;  --  r3: -100.0;; r4: -100.0;; notes: ; issue timing error: error: failed code construction, timing: -1.0; latency timing error: error: failed code construction, timing: -1.0; r3 timing error: error: failed code construction, timing: -1.0; r3 timing error: error: failed code construction, timing: -1.0
UADD16 r1, r2, r3;  --  3.0, 4.0;  --  r3: 4.0;; r4: 3.0;; notes: 
UADD8 r1, r2, r3;  --  3.0, 4.0;  --  r3: 4.0;; r4: 3.0;; notes: 
UASX r1, r2, r3;  --  3.0, 4.0;  --  r3: 4.0;; r4: 3.0;; notes: 
UBFX r1, r2, #3, #8;  --  3.0, 5.0;  --  r3: 3.0;; r4: 3.0;; notes: 
UHADD16 r1, r2, r3;  --  3.0, 4.0;  --  r3: 4.0;; r4: 3.0;; notes: 
UHADD8 r1, r2, r3;  --  3.0, 4.0;  --  r3: 4.0;; r4: 3.0;; notes: 
UHASX r1, r2, r3;  --  3.0, 4.0;  --  r3: 4.0;; r4: 3.0;; notes: 
UHSAX r1, r2, r3;  --  3.0, 4.0;  --  r3: 4.0;; r4: 3.0;; notes: 
UHSUB16 r1, r2, r3;  --  3.0, 4.0;  --  r3: 4.0;; r4: 3.0;; notes: 
UHSUB8 r1, r2, r3;  --  3.0, 4.0;  --  r3: 4.0;; r4: 3.0;; notes: 
UMAAL r1, r2, r3, r4;  --  6.0, 6.0;  --  r3: 7.0;; r4: 7.0;; notes: 
UMLAL r1, r2, r3, r4;  --  5.0, 6.0;  --  r3: 6.0;; r4: 6.0;; notes: 
UMULL r1, r2, r3, r4;  --  4.0, 4.0;  --  r3: 6.0;; r4: 6.0;; notes: 
UQADD16 r1, r2, r3;  --  3.0, 4.0;  --  r3: 4.0;; r4: 3.0;; notes: 
UQADD8 r1, r2, r3;  --  3.0, 4.0;  --  r3: 4.0;; r4: 3.0;; notes: 
UQASX r1, r2, r3;  --  3.0, 4.0;  --  r3: 4.0;; r4: 3.0;; notes: 
UQSAX r1, r2, r3;  --  3.0, 4.0;  --  r3: 4.0;; r4: 3.0;; notes: 
UQSUB16 r1, r2, r3;  --  3.0, 4.0;  --  r3: 4.0;; r4: 3.0;; notes: 
UQSUB8 r1, r2, r3;  --  3.0, 4.0;  --  r3: 4.0;; r4: 3.0;; notes: 
USAD8 r1, r2, r3;  --  4.0, 6.0;  --  r3: 6.0;; r4: 4.0;; notes: 
USADA8 r1, r2, r3, r4;  --  4.0, 6.0;  --  r3: 6.0;; r4: 5.0;; notes: 
USAT r1, #15, r2, LSL #3;  --  3.0, 5.0;  --  r3: 3.0;; r4: 3.0;; notes: 
USAT r1, #15, r2;  --  3.0, 4.0;  --  r3: 3.0;; r4: 3.0;; notes: 
USAT16 r1, #15, r2;  --  3.0, 4.0;  --  r3: 3.0;; r4: 3.0;; notes: 
USAX r1, r2, r3;  --  3.0, 4.0;  --  r3: 4.0;; r4: 3.0;; notes: 
USUB16 r1, r2, r3;  --  3.0, 4.0;  --  r3: 4.0;; r4: 3.0;; notes: 
USUB8 r1, r2, r3;  --  3.0, 4.0;  --  r3: 4.0;; r4: 3.0;; notes: 
UXTAB r1, r2, r3, ROR #8;  --  3.0, 4.0;  --  r3: 5.0;; r4: 3.0;; notes: 
UXTAB r1, r2, r3;  --  3.0, 4.0;  --  r3: 5.0;; r4: 3.0;; notes: 
UXTAB16 r1, r2, r3, ROR #8;  --  3.0, 4.0;  --  r3: 5.0;; r4: 3.0;; notes: 
UXTAB16 r1, r2, r3;  --  3.0, 4.0;  --  r3: 5.0;; r4: 3.0;; notes: 
UXTAH r1, r2, r3, ROR #8;  --  3.0, 4.0;  --  r3: 5.0;; r4: 3.0;; notes: 
UXTAH r1, r2, r3;  --  3.0, 4.0;  --  r3: 5.0;; r4: 3.0;; notes: 
UXTB r1, r2, ROR #8;  --  3.0, 4.0;  --  r3: 3.0;; r4: 3.0;; notes: 
UXTB r1, r2;  --  3.0, 4.0;  --  r3: 3.0;; r4: 3.0;; notes: 
UXTB16 r1, r2, ROR #8;  --  3.0, 4.0;  --  r3: 3.0;; r4: 3.0;; notes: 
UXTB16 r1, r2;  --  3.0, 4.0;  --  r3: 3.0;; r4: 3.0;; notes: 
UXTH r1, r2, ROR #8;  --  3.0, 4.0;  --  r3: 3.0;; r4: 3.0;; notes: 
UXTH r1, r2;  --  3.0, 4.0;  --  r3: 3.0;; r4: 3.0;; notes: 
UMLAL r1, r2, r3, r4;  --  5.0, 6.0;  --  r3: 6.0;; r4: 6.0;; notes: 
UMULL r1, r2, r3, r4;  --  4.0, 4.0;  --  r3: 6.0;; r4: 6.0;; notes: 
